<?xml version="1.0" encoding="UTF-8" ?>
<testsuites>
  <testsuite errors="0" failures="0" hostname="tims-macbook" id="0" name="Airspace_Tests" package="unitTests" skipped="0" tests="9" time="0.17" timestamp="2014-02-18T21:28:09">
      <properties>
[...]
</properties>

      <testcase classname="unitTests.Airspace_Tests" name="RemoveSpecificTest1" time="0.01" />

      <testcase classname="unitTests.Airspace_Tests" name="RemoveSpecificTest2" time="0.0020" />

      <testcase classname="unitTests.Airspace_Tests" name="generateFlightNameTest" time="0.0020" />

      <testcase classname="unitTests.Airspace_Tests" name="newExitPointTest" time="0.0020" />

      <testcase classname="unitTests.Airspace_Tests" name="checkIfFlightHasLeftAirspaceTest" time="0.0020" />

      <testcase classname="unitTests.Airspace_Tests" name="newEntryPointTest" time="0.0020" />

      <testcase classname="unitTests.Airspace_Tests" name="resetAirspaceTest" time="0.0010" />

      <testcase classname="unitTests.Airspace_Tests" name="changeScoreTest" time="0.0010" />

      <testcase classname="unitTests.Airspace_Tests" name="newWaypointTest" time="0.0020" />

      <system-out><![CDATA[Point BHD set:(572.0,197.0).
Airport BHD set:(572.0,197.0).
Point A set:(350.0,150.0).
Waypoint A set:(350.0,150.0).
Point B set:(400.0,470.0).
Waypoint B set:(400.0,470.0).
Point C set:(700.0,60.0).
Waypoint C set:(700.0,60.0).
Point D set:(800.0,320.0).
Waypoint D set:(800.0,320.0).
Point E set:(600.0,418.0).
Waypoint E set:(600.0,418.0).
Point F set:(500.0,220.0).
Waypoint F set:(500.0,220.0).
Point G set:(950.0,188.0).
Waypoint G set:(950.0,188.0).
Point H set:(1050.0,272.0).
Waypoint H set:(1050.0,272.0).
Point I set:(900.0,420.0).
Waypoint I set:(900.0,420.0).
Point J set:(240.0,250.0).
Waypoint J set:(240.0,250.0).
Point 1 set:(800.0,0.0).
ExitPoint 1 set:(800.0,0.0).
Point 2 set:(150.0,200.0).
ExitPoint 2 set:(150.0,200.0).
Point 3 set:(1200.0,300.0).
ExitPoint 3 set:(1200.0,300.0).
Point Airport set:(572.0,197.0).
Airport Airport set:(572.0,197.0).
Point BHD set:(572.0,197.0).
Airport BHD set:(572.0,197.0).
Point A set:(350.0,150.0).
Waypoint A set:(350.0,150.0).
Point B set:(400.0,470.0).
Waypoint B set:(400.0,470.0).
Point C set:(700.0,60.0).
Waypoint C set:(700.0,60.0).
Point D set:(800.0,320.0).
Waypoint D set:(800.0,320.0).
Point E set:(600.0,418.0).
Waypoint E set:(600.0,418.0).
Point F set:(500.0,220.0).
Waypoint F set:(500.0,220.0).
Point G set:(950.0,188.0).
Waypoint G set:(950.0,188.0).
Point H set:(1050.0,272.0).
Waypoint H set:(1050.0,272.0).
Point I set:(900.0,420.0).
Waypoint I set:(900.0,420.0).
Point J set:(240.0,250.0).
Waypoint J set:(240.0,250.0).
Point 1 set:(800.0,0.0).
ExitPoint 1 set:(800.0,0.0).
Point 2 set:(150.0,200.0).
ExitPoint 2 set:(150.0,200.0).
Point 3 set:(1200.0,300.0).
ExitPoint 3 set:(1200.0,300.0).
Point Airport set:(572.0,197.0).
Airport Airport set:(572.0,197.0).
Point BHD set:(572.0,197.0).
Airport BHD set:(572.0,197.0).
Point A set:(350.0,150.0).
Waypoint A set:(350.0,150.0).
Point B set:(400.0,470.0).
Waypoint B set:(400.0,470.0).
Point C set:(700.0,60.0).
Waypoint C set:(700.0,60.0).
Point D set:(800.0,320.0).
Waypoint D set:(800.0,320.0).
Point E set:(600.0,418.0).
Waypoint E set:(600.0,418.0).
Point F set:(500.0,220.0).
Waypoint F set:(500.0,220.0).
Point G set:(950.0,188.0).
Waypoint G set:(950.0,188.0).
Point H set:(1050.0,272.0).
Waypoint H set:(1050.0,272.0).
Point I set:(900.0,420.0).
Waypoint I set:(900.0,420.0).
Point J set:(240.0,250.0).
Waypoint J set:(240.0,250.0).
Point 1 set:(800.0,0.0).
ExitPoint 1 set:(800.0,0.0).
Point 2 set:(150.0,200.0).
ExitPoint 2 set:(150.0,200.0).
Point 3 set:(1200.0,300.0).
ExitPoint 3 set:(1200.0,300.0).
Point Airport set:(572.0,197.0).
Airport Airport set:(572.0,197.0).
Point BHD set:(572.0,197.0).
Airport BHD set:(572.0,197.0).
Point A set:(350.0,150.0).
Waypoint A set:(350.0,150.0).
Point B set:(400.0,470.0).
Waypoint B set:(400.0,470.0).
Point C set:(700.0,60.0).
Waypoint C set:(700.0,60.0).
Point D set:(800.0,320.0).
Waypoint D set:(800.0,320.0).
Point E set:(600.0,418.0).
Waypoint E set:(600.0,418.0).
Point F set:(500.0,220.0).
Waypoint F set:(500.0,220.0).
Point G set:(950.0,188.0).
Waypoint G set:(950.0,188.0).
Point H set:(1050.0,272.0).
Waypoint H set:(1050.0,272.0).
Point I set:(900.0,420.0).
Waypoint I set:(900.0,420.0).
Point J set:(240.0,250.0).
Waypoint J set:(240.0,250.0).
Point 1 set:(800.0,0.0).
ExitPoint 1 set:(800.0,0.0).
Point 2 set:(150.0,200.0).
ExitPoint 2 set:(150.0,200.0).
Point 3 set:(1200.0,300.0).
ExitPoint 3 set:(1200.0,300.0).
Point Airport set:(572.0,197.0).
Airport Airport set:(572.0,197.0).
Point TEST set:(150.0,500.0).
ExitPoint TEST set:(150.0,500.0).
Point BHD set:(572.0,197.0).
Airport BHD set:(572.0,197.0).
Point A set:(350.0,150.0).
Waypoint A set:(350.0,150.0).
Point B set:(400.0,470.0).
Waypoint B set:(400.0,470.0).
Point C set:(700.0,60.0).
Waypoint C set:(700.0,60.0).
Point D set:(800.0,320.0).
Waypoint D set:(800.0,320.0).
Point E set:(600.0,418.0).
Waypoint E set:(600.0,418.0).
Point F set:(500.0,220.0).
Waypoint F set:(500.0,220.0).
Point G set:(950.0,188.0).
Waypoint G set:(950.0,188.0).
Point H set:(1050.0,272.0).
Waypoint H set:(1050.0,272.0).
Point I set:(900.0,420.0).
Waypoint I set:(900.0,420.0).
Point J set:(240.0,250.0).
Waypoint J set:(240.0,250.0).
Point 1 set:(800.0,0.0).
ExitPoint 1 set:(800.0,0.0).
Point 2 set:(150.0,200.0).
ExitPoint 2 set:(150.0,200.0).
Point 3 set:(1200.0,300.0).
ExitPoint 3 set:(1200.0,300.0).
Point Airport set:(572.0,197.0).
Airport Airport set:(572.0,197.0).
Point BHD set:(572.0,197.0).
Airport BHD set:(572.0,197.0).
Point A set:(350.0,150.0).
Waypoint A set:(350.0,150.0).
Point B set:(400.0,470.0).
Waypoint B set:(400.0,470.0).
Point C set:(700.0,60.0).
Waypoint C set:(700.0,60.0).
Point D set:(800.0,320.0).
Waypoint D set:(800.0,320.0).
Point E set:(600.0,418.0).
Waypoint E set:(600.0,418.0).
Point F set:(500.0,220.0).
Waypoint F set:(500.0,220.0).
Point G set:(950.0,188.0).
Waypoint G set:(950.0,188.0).
Point H set:(1050.0,272.0).
Waypoint H set:(1050.0,272.0).
Point I set:(900.0,420.0).
Waypoint I set:(900.0,420.0).
Point J set:(240.0,250.0).
Waypoint J set:(240.0,250.0).
Point 1 set:(800.0,0.0).
ExitPoint 1 set:(800.0,0.0).
Point 2 set:(150.0,200.0).
ExitPoint 2 set:(150.0,200.0).
Point 3 set:(1200.0,300.0).
ExitPoint 3 set:(1200.0,300.0).
Point Airport set:(572.0,197.0).
Airport Airport set:(572.0,197.0).
Point BHD set:(572.0,197.0).
Airport BHD set:(572.0,197.0).
Point A set:(350.0,150.0).
Waypoint A set:(350.0,150.0).
Point B set:(400.0,470.0).
Waypoint B set:(400.0,470.0).
Point C set:(700.0,60.0).
Waypoint C set:(700.0,60.0).
Point D set:(800.0,320.0).
Waypoint D set:(800.0,320.0).
Point E set:(600.0,418.0).
Waypoint E set:(600.0,418.0).
Point F set:(500.0,220.0).
Waypoint F set:(500.0,220.0).
Point G set:(950.0,188.0).
Waypoint G set:(950.0,188.0).
Point H set:(1050.0,272.0).
Waypoint H set:(1050.0,272.0).
Point I set:(900.0,420.0).
Waypoint I set:(900.0,420.0).
Point J set:(240.0,250.0).
Waypoint J set:(240.0,250.0).
Point 1 set:(800.0,0.0).
ExitPoint 1 set:(800.0,0.0).
Point 2 set:(150.0,200.0).
ExitPoint 2 set:(150.0,200.0).
Point 3 set:(1200.0,300.0).
ExitPoint 3 set:(1200.0,300.0).
Point Airport set:(572.0,197.0).
Airport Airport set:(572.0,197.0).
Point BHD set:(572.0,197.0).
Airport BHD set:(572.0,197.0).
Point A set:(350.0,150.0).
Waypoint A set:(350.0,150.0).
Point B set:(400.0,470.0).
Waypoint B set:(400.0,470.0).
Point C set:(700.0,60.0).
Waypoint C set:(700.0,60.0).
Point D set:(800.0,320.0).
Waypoint D set:(800.0,320.0).
Point E set:(600.0,418.0).
Waypoint E set:(600.0,418.0).
Point F set:(500.0,220.0).
Waypoint F set:(500.0,220.0).
Point G set:(950.0,188.0).
Waypoint G set:(950.0,188.0).
Point H set:(1050.0,272.0).
Waypoint H set:(1050.0,272.0).
Point I set:(900.0,420.0).
Waypoint I set:(900.0,420.0).
Point J set:(240.0,250.0).
Waypoint J set:(240.0,250.0).
Point 1 set:(800.0,0.0).
ExitPoint 1 set:(800.0,0.0).
Point 2 set:(150.0,200.0).
ExitPoint 2 set:(150.0,200.0).
Point 3 set:(1200.0,300.0).
ExitPoint 3 set:(1200.0,300.0).
Point Airport set:(572.0,197.0).
Airport Airport set:(572.0,197.0).
Point BHD set:(572.0,197.0).
Airport BHD set:(572.0,197.0).
Point A set:(350.0,150.0).
Waypoint A set:(350.0,150.0).
Point B set:(400.0,470.0).
Waypoint B set:(400.0,470.0).
Point C set:(700.0,60.0).
Waypoint C set:(700.0,60.0).
Point D set:(800.0,320.0).
Waypoint D set:(800.0,320.0).
Point E set:(600.0,418.0).
Waypoint E set:(600.0,418.0).
Point F set:(500.0,220.0).
Waypoint F set:(500.0,220.0).
Point G set:(950.0,188.0).
Waypoint G set:(950.0,188.0).
Point H set:(1050.0,272.0).
Waypoint H set:(1050.0,272.0).
Point I set:(900.0,420.0).
Waypoint I set:(900.0,420.0).
Point J set:(240.0,250.0).
Waypoint J set:(240.0,250.0).
Point 1 set:(800.0,0.0).
ExitPoint 1 set:(800.0,0.0).
Point 2 set:(150.0,200.0).
ExitPoint 2 set:(150.0,200.0).
Point 3 set:(1200.0,300.0).
ExitPoint 3 set:(1200.0,300.0).
Point Airport set:(572.0,197.0).
Airport Airport set:(572.0,197.0).
Point TEST set:(151.0,500.0).
Waypoint TEST set:(151.0,500.0).
]]></system-out>

      <system-err><![CDATA[]]></system-err>

  </testsuite>
  <testsuite errors="0" failures="0" hostname="tims-macbook" id="1" name="FlightPlan_Tests" package="unitTests" skipped="0" tests="9" time="0.12" timestamp="2014-02-18T21:28:10">
      <properties>
[...]
</properties>

      <testcase classname="unitTests.FlightPlan_Tests" name="buildRouteTest1" time="0.015" />

      <testcase classname="unitTests.FlightPlan_Tests" name="buildRouteTest2" time="0.0060" />

      <testcase classname="unitTests.FlightPlan_Tests" name="buildRouteTest3" time="0.0040" />

      <testcase classname="unitTests.FlightPlan_Tests" name="buildRouteTest4" time="0.0020" />

      <testcase classname="unitTests.FlightPlan_Tests" name="generateVelocityTest" time="0.0020" />

      <testcase classname="unitTests.FlightPlan_Tests" name="updateFlightPlanTest" time="0.0020" />

      <testcase classname="unitTests.FlightPlan_Tests" name="generateEntryPointTest1" time="0.0030" />

      <testcase classname="unitTests.FlightPlan_Tests" name="generateEntryPointTest2" time="0.0020" />

      <testcase classname="unitTests.FlightPlan_Tests" name="updateFlightPlanTest2" time="0.0030" />

      <system-out><![CDATA[Point BHD set:(572.0,197.0).
Airport BHD set:(572.0,197.0).
Point A set:(350.0,150.0).
Waypoint A set:(350.0,150.0).
Point B set:(400.0,470.0).
Waypoint B set:(400.0,470.0).
Point C set:(700.0,60.0).
Waypoint C set:(700.0,60.0).
Point D set:(800.0,320.0).
Waypoint D set:(800.0,320.0).
Point E set:(600.0,418.0).
Waypoint E set:(600.0,418.0).
Point F set:(500.0,220.0).
Waypoint F set:(500.0,220.0).
Point G set:(950.0,188.0).
Waypoint G set:(950.0,188.0).
Point H set:(1050.0,272.0).
Waypoint H set:(1050.0,272.0).
Point I set:(900.0,420.0).
Waypoint I set:(900.0,420.0).
Point J set:(240.0,250.0).
Waypoint J set:(240.0,250.0).
Point 1 set:(800.0,0.0).
ExitPoint 1 set:(800.0,0.0).
Point 2 set:(150.0,200.0).
ExitPoint 2 set:(150.0,200.0).
Point 3 set:(1200.0,300.0).
ExitPoint 3 set:(1200.0,300.0).
Point BHD set:(572.0,197.0).
Airport BHD set:(572.0,197.0).
Point A set:(350.0,150.0).
Waypoint A set:(350.0,150.0).
Point B set:(400.0,470.0).
Waypoint B set:(400.0,470.0).
Point C set:(700.0,60.0).
Waypoint C set:(700.0,60.0).
Point D set:(800.0,320.0).
Waypoint D set:(800.0,320.0).
Point E set:(600.0,418.0).
Waypoint E set:(600.0,418.0).
Point F set:(500.0,220.0).
Waypoint F set:(500.0,220.0).
Point G set:(950.0,188.0).
Waypoint G set:(950.0,188.0).
Point H set:(1050.0,272.0).
Waypoint H set:(1050.0,272.0).
Point I set:(900.0,420.0).
Waypoint I set:(900.0,420.0).
Point J set:(240.0,250.0).
Waypoint J set:(240.0,250.0).
Point 1 set:(800.0,0.0).
ExitPoint 1 set:(800.0,0.0).
Point 2 set:(150.0,200.0).
ExitPoint 2 set:(150.0,200.0).
Point 3 set:(1200.0,300.0).
ExitPoint 3 set:(1200.0,300.0).
Point BHD set:(572.0,197.0).
Airport BHD set:(572.0,197.0).
Point A set:(350.0,150.0).
Waypoint A set:(350.0,150.0).
Point B set:(400.0,470.0).
Waypoint B set:(400.0,470.0).
Point C set:(700.0,60.0).
Waypoint C set:(700.0,60.0).
Point D set:(800.0,320.0).
Waypoint D set:(800.0,320.0).
Point E set:(600.0,418.0).
Waypoint E set:(600.0,418.0).
Point F set:(500.0,220.0).
Waypoint F set:(500.0,220.0).
Point G set:(950.0,188.0).
Waypoint G set:(950.0,188.0).
Point H set:(1050.0,272.0).
Waypoint H set:(1050.0,272.0).
Point I set:(900.0,420.0).
Waypoint I set:(900.0,420.0).
Point J set:(240.0,250.0).
Waypoint J set:(240.0,250.0).
Point 1 set:(800.0,0.0).
ExitPoint 1 set:(800.0,0.0).
Point 2 set:(150.0,200.0).
ExitPoint 2 set:(150.0,200.0).
Point 3 set:(1200.0,300.0).
ExitPoint 3 set:(1200.0,300.0).
Point BHD set:(572.0,197.0).
Airport BHD set:(572.0,197.0).
Point A set:(350.0,150.0).
Waypoint A set:(350.0,150.0).
Point B set:(400.0,470.0).
Waypoint B set:(400.0,470.0).
Point C set:(700.0,60.0).
Waypoint C set:(700.0,60.0).
Point D set:(800.0,320.0).
Waypoint D set:(800.0,320.0).
Point E set:(600.0,418.0).
Waypoint E set:(600.0,418.0).
Point F set:(500.0,220.0).
Waypoint F set:(500.0,220.0).
Point G set:(950.0,188.0).
Waypoint G set:(950.0,188.0).
Point H set:(1050.0,272.0).
Waypoint H set:(1050.0,272.0).
Point I set:(900.0,420.0).
Waypoint I set:(900.0,420.0).
Point J set:(240.0,250.0).
Waypoint J set:(240.0,250.0).
Point BHD set:(572.0,197.0).
Airport BHD set:(572.0,197.0).
Point A set:(350.0,150.0).
Waypoint A set:(350.0,150.0).
Point B set:(400.0,470.0).
Waypoint B set:(400.0,470.0).
Point C set:(700.0,60.0).
Waypoint C set:(700.0,60.0).
Point D set:(800.0,320.0).
Waypoint D set:(800.0,320.0).
Point E set:(600.0,418.0).
Waypoint E set:(600.0,418.0).
Point F set:(500.0,220.0).
Waypoint F set:(500.0,220.0).
Point G set:(950.0,188.0).
Waypoint G set:(950.0,188.0).
Point H set:(1050.0,272.0).
Waypoint H set:(1050.0,272.0).
Point I set:(900.0,420.0).
Waypoint I set:(900.0,420.0).
Point J set:(240.0,250.0).
Waypoint J set:(240.0,250.0).
Point 1 set:(800.0,0.0).
ExitPoint 1 set:(800.0,0.0).
Point 2 set:(150.0,200.0).
ExitPoint 2 set:(150.0,200.0).
Point 3 set:(1200.0,300.0).
ExitPoint 3 set:(1200.0,300.0).
Point BHD set:(572.0,197.0).
Airport BHD set:(572.0,197.0).
Point 1 set:(800.0,0.0).
ExitPoint 1 set:(800.0,0.0).
Point 2 set:(150.0,200.0).
ExitPoint 2 set:(150.0,200.0).
Point 3 set:(1200.0,300.0).
ExitPoint 3 set:(1200.0,300.0).
Point BHD set:(572.0,197.0).
Airport BHD set:(572.0,197.0).
Point A set:(350.0,150.0).
Waypoint A set:(350.0,150.0).
Point B set:(400.0,470.0).
Waypoint B set:(400.0,470.0).
Point C set:(700.0,60.0).
Waypoint C set:(700.0,60.0).
Point D set:(800.0,320.0).
Waypoint D set:(800.0,320.0).
Point E set:(600.0,418.0).
Waypoint E set:(600.0,418.0).
Point F set:(500.0,220.0).
Waypoint F set:(500.0,220.0).
Point G set:(950.0,188.0).
Waypoint G set:(950.0,188.0).
Point H set:(1050.0,272.0).
Waypoint H set:(1050.0,272.0).
Point I set:(900.0,420.0).
Waypoint I set:(900.0,420.0).
Point J set:(240.0,250.0).
Waypoint J set:(240.0,250.0).
Point 1 set:(800.0,0.0).
ExitPoint 1 set:(800.0,0.0).
Point 2 set:(150.0,200.0).
ExitPoint 2 set:(150.0,200.0).
Point 3 set:(1200.0,300.0).
ExitPoint 3 set:(1200.0,300.0).
Point BHD set:(572.0,197.0).
Airport BHD set:(572.0,197.0).
Point A set:(350.0,150.0).
Waypoint A set:(350.0,150.0).
Point B set:(400.0,470.0).
Waypoint B set:(400.0,470.0).
Point C set:(700.0,60.0).
Waypoint C set:(700.0,60.0).
Point D set:(800.0,320.0).
Waypoint D set:(800.0,320.0).
Point E set:(600.0,418.0).
Waypoint E set:(600.0,418.0).
Point F set:(500.0,220.0).
Waypoint F set:(500.0,220.0).
Point G set:(950.0,188.0).
Waypoint G set:(950.0,188.0).
Point H set:(1050.0,272.0).
Waypoint H set:(1050.0,272.0).
Point I set:(900.0,420.0).
Waypoint I set:(900.0,420.0).
Point J set:(240.0,250.0).
Waypoint J set:(240.0,250.0).
Point 1 set:(800.0,0.0).
ExitPoint 1 set:(800.0,0.0).
Point 2 set:(150.0,200.0).
ExitPoint 2 set:(150.0,200.0).
Point 3 set:(1200.0,300.0).
ExitPoint 3 set:(1200.0,300.0).
Point BHD set:(572.0,197.0).
Airport BHD set:(572.0,197.0).
Point A set:(350.0,150.0).
Waypoint A set:(350.0,150.0).
Point B set:(400.0,470.0).
Waypoint B set:(400.0,470.0).
Point C set:(700.0,60.0).
Waypoint C set:(700.0,60.0).
Point D set:(800.0,320.0).
Waypoint D set:(800.0,320.0).
Point E set:(600.0,418.0).
Waypoint E set:(600.0,418.0).
Point F set:(500.0,220.0).
Waypoint F set:(500.0,220.0).
Point G set:(950.0,188.0).
Waypoint G set:(950.0,188.0).
Point H set:(1050.0,272.0).
Waypoint H set:(1050.0,272.0).
Point I set:(900.0,420.0).
Waypoint I set:(900.0,420.0).
Point J set:(240.0,250.0).
Waypoint J set:(240.0,250.0).
Point 1 set:(800.0,0.0).
ExitPoint 1 set:(800.0,0.0).
Point 2 set:(150.0,200.0).
ExitPoint 2 set:(150.0,200.0).
Point 3 set:(1200.0,300.0).
ExitPoint 3 set:(1200.0,300.0).
Point BHD set:(572.0,197.0).
Airport BHD set:(572.0,197.0).
Point A set:(350.0,150.0).
Waypoint A set:(350.0,150.0).
Point B set:(400.0,470.0).
Waypoint B set:(400.0,470.0).
Point C set:(700.0,60.0).
Waypoint C set:(700.0,60.0).
Point D set:(800.0,320.0).
Waypoint D set:(800.0,320.0).
Point E set:(600.0,418.0).
Waypoint E set:(600.0,418.0).
Point F set:(500.0,220.0).
Waypoint F set:(500.0,220.0).
Point G set:(950.0,188.0).
Waypoint G set:(950.0,188.0).
Point H set:(1050.0,272.0).
Waypoint H set:(1050.0,272.0).
Point I set:(900.0,420.0).
Waypoint I set:(900.0,420.0).
Point J set:(240.0,250.0).
Waypoint J set:(240.0,250.0).
Point 1 set:(800.0,0.0).
ExitPoint 1 set:(800.0,0.0).
Point 2 set:(150.0,200.0).
ExitPoint 2 set:(150.0,200.0).
Point 3 set:(1200.0,300.0).
ExitPoint 3 set:(1200.0,300.0).
Point BHD set:(572.0,197.0).
Airport BHD set:(572.0,197.0).
Point A set:(350.0,150.0).
Waypoint A set:(350.0,150.0).
Point B set:(400.0,470.0).
Waypoint B set:(400.0,470.0).
Point C set:(700.0,60.0).
Waypoint C set:(700.0,60.0).
Point D set:(800.0,320.0).
Waypoint D set:(800.0,320.0).
Point E set:(600.0,418.0).
Waypoint E set:(600.0,418.0).
Point F set:(500.0,220.0).
Waypoint F set:(500.0,220.0).
Point G set:(950.0,188.0).
Waypoint G set:(950.0,188.0).
Point H set:(1050.0,272.0).
Waypoint H set:(1050.0,272.0).
Point I set:(900.0,420.0).
Waypoint I set:(900.0,420.0).
Point J set:(240.0,250.0).
Waypoint J set:(240.0,250.0).
Point 1 set:(800.0,0.0).
ExitPoint 1 set:(800.0,0.0).
Point 2 set:(150.0,200.0).
ExitPoint 2 set:(150.0,200.0).
Point 3 set:(1200.0,300.0).
ExitPoint 3 set:(1200.0,300.0).
]]></system-out>

      <system-err><![CDATA[]]></system-err>

  </testsuite>
  <testsuite errors="0" failures="0" hostname="tims-macbook" id="2" name="Flight_Tests" package="unitTests" skipped="0" tests="41" time="0.203" timestamp="2014-02-18T21:28:10">
      <properties>
[...]
</properties>

      <testcase classname="unitTests.Flight_Tests" name="turnFlightLeftTest1" time="0.0080" />

      <testcase classname="unitTests.Flight_Tests" name="turnFlightLeftTest2" time="0.0020" />

      <testcase classname="unitTests.Flight_Tests" name="turnFlightLeftTest3" time="0.0020" />

      <testcase classname="unitTests.Flight_Tests" name="checkIfFlightAtWaypointTest1" time="0.0020" />

      <testcase classname="unitTests.Flight_Tests" name="checkIfFlightAtWaypointTest2" time="0.0020" />

      <testcase classname="unitTests.Flight_Tests" name="checkIfFlightAtWaypointTest3" time="0.0020" />

      <testcase classname="unitTests.Flight_Tests" name="checkIfFlightAtWaypointTest4" time="0.0020" />

      <testcase classname="unitTests.Flight_Tests" name="checkIfFlightAtWaypointTest5" time="0.0020" />

      <testcase classname="unitTests.Flight_Tests" name="updateCurrentHeadingTest1" time="0.0020" />

      <testcase classname="unitTests.Flight_Tests" name="updateCurrentHeadingTest2" time="0.0020" />

      <testcase classname="unitTests.Flight_Tests" name="updateCurrentHeadingTest3" time="0.0040" />

      <testcase classname="unitTests.Flight_Tests" name="updateCurrentHeadingTest4" time="0.0020" />

      <testcase classname="unitTests.Flight_Tests" name="updateCurrentHeadingTest5" time="0.0030" />

      <testcase classname="unitTests.Flight_Tests" name="updateCurrentHeadingTest6" time="0.0030" />

      <testcase classname="unitTests.Flight_Tests" name="updateCurrentHeadingTest7" time="0.0020" />

      <testcase classname="unitTests.Flight_Tests" name="updateCurrentHeadingTest8" time="0.0020" />

      <testcase classname="unitTests.Flight_Tests" name="LandTest1" time="0.0030" />

      <testcase classname="unitTests.Flight_Tests" name="LandTest2" time="0.0010" />

      <testcase classname="unitTests.Flight_Tests" name="calculateHeadingToFirstWaypointTest1" time="0.0090" />

      <testcase classname="unitTests.Flight_Tests" name="calculateHeadingToFirstWaypointTest2" time="0.0020" />

      <testcase classname="unitTests.Flight_Tests" name="turnFlightRightTest1" time="0.0010" />

      <testcase classname="unitTests.Flight_Tests" name="turnFlightRightTest2" time="0.0010" />

      <testcase classname="unitTests.Flight_Tests" name="turnFlightRightTest3" time="0.0010" />

      <testcase classname="unitTests.Flight_Tests" name="generateAltitudeTest1" time="0.0020" />

      <testcase classname="unitTests.Flight_Tests" name="giveHeadingTest1" time="0.0010" />

      <testcase classname="unitTests.Flight_Tests" name="giveHeadingTest2" time="0.0010" />

      <testcase classname="unitTests.Flight_Tests" name="giveHeadingTest3" time="0.0010" />

      <testcase classname="unitTests.Flight_Tests" name="giveHeadingTest4" time="0.0020" />

      <testcase classname="unitTests.Flight_Tests" name="updateAltitudeTest1" time="0.0010" />

      <testcase classname="unitTests.Flight_Tests" name="updateAltitudeTest2" time="0.0020" />

      <testcase classname="unitTests.Flight_Tests" name="updateAltitudeTest3" time="0.0020" />

      <testcase classname="unitTests.Flight_Tests" name="updateAltitudeTest4" time="0.0010" />

      <testcase classname="unitTests.Flight_Tests" name="updateAltitudeTest5" time="0.0010" />

      <testcase classname="unitTests.Flight_Tests" name="updateXYCoordinates" time="0.0020" />

      <testcase classname="unitTests.Flight_Tests" name="TakeoffTest1" time="0.0020" />

      <testcase classname="unitTests.Flight_Tests" name="TakeOffTest2" time="0.0020" />

      <testcase classname="unitTests.Flight_Tests" name="updateVelocityTest1" time="0.0010" />

      <testcase classname="unitTests.Flight_Tests" name="updateVelocityTest2" time="0.0010" />

      <testcase classname="unitTests.Flight_Tests" name="updateVelocityTest3" time="0.0040" />

      <testcase classname="unitTests.Flight_Tests" name="updateVelocityTest4" time="0.0010" />

      <testcase classname="unitTests.Flight_Tests" name="updateVelocityTest5" time="0.0010" />

      <system-out><![CDATA[Point BHD set:(572.0,197.0).
Airport BHD set:(572.0,197.0).
Point A set:(350.0,150.0).
Waypoint A set:(350.0,150.0).
Point B set:(400.0,470.0).
Waypoint B set:(400.0,470.0).
Point C set:(700.0,60.0).
Waypoint C set:(700.0,60.0).
Point D set:(800.0,320.0).
Waypoint D set:(800.0,320.0).
Point E set:(600.0,418.0).
Waypoint E set:(600.0,418.0).
Point F set:(500.0,220.0).
Waypoint F set:(500.0,220.0).
Point G set:(950.0,188.0).
Waypoint G set:(950.0,188.0).
Point H set:(1050.0,272.0).
Waypoint H set:(1050.0,272.0).
Point I set:(900.0,420.0).
Waypoint I set:(900.0,420.0).
Point J set:(240.0,250.0).
Waypoint J set:(240.0,250.0).
Point 1 set:(800.0,0.0).
ExitPoint 1 set:(800.0,0.0).
Point 2 set:(150.0,200.0).
ExitPoint 2 set:(150.0,200.0).
Point 3 set:(1200.0,300.0).
ExitPoint 3 set:(1200.0,300.0).
Point BHD set:(572.0,197.0).
Airport BHD set:(572.0,197.0).
Point A set:(350.0,150.0).
Waypoint A set:(350.0,150.0).
Point B set:(400.0,470.0).
Waypoint B set:(400.0,470.0).
Point C set:(700.0,60.0).
Waypoint C set:(700.0,60.0).
Point D set:(800.0,320.0).
Waypoint D set:(800.0,320.0).
Point E set:(600.0,418.0).
Waypoint E set:(600.0,418.0).
Point F set:(500.0,220.0).
Waypoint F set:(500.0,220.0).
Point G set:(950.0,188.0).
Waypoint G set:(950.0,188.0).
Point H set:(1050.0,272.0).
Waypoint H set:(1050.0,272.0).
Point I set:(900.0,420.0).
Waypoint I set:(900.0,420.0).
Point J set:(240.0,250.0).
Waypoint J set:(240.0,250.0).
Point 1 set:(800.0,0.0).
ExitPoint 1 set:(800.0,0.0).
Point 2 set:(150.0,200.0).
ExitPoint 2 set:(150.0,200.0).
Point 3 set:(1200.0,300.0).
ExitPoint 3 set:(1200.0,300.0).
Point BHD set:(572.0,197.0).
Airport BHD set:(572.0,197.0).
Point A set:(350.0,150.0).
Waypoint A set:(350.0,150.0).
Point B set:(400.0,470.0).
Waypoint B set:(400.0,470.0).
Point C set:(700.0,60.0).
Waypoint C set:(700.0,60.0).
Point D set:(800.0,320.0).
Waypoint D set:(800.0,320.0).
Point E set:(600.0,418.0).
Waypoint E set:(600.0,418.0).
Point F set:(500.0,220.0).
Waypoint F set:(500.0,220.0).
Point G set:(950.0,188.0).
Waypoint G set:(950.0,188.0).
Point H set:(1050.0,272.0).
Waypoint H set:(1050.0,272.0).
Point I set:(900.0,420.0).
Waypoint I set:(900.0,420.0).
Point J set:(240.0,250.0).
Waypoint J set:(240.0,250.0).
Point 1 set:(800.0,0.0).
ExitPoint 1 set:(800.0,0.0).
Point 2 set:(150.0,200.0).
ExitPoint 2 set:(150.0,200.0).
Point 3 set:(1200.0,300.0).
ExitPoint 3 set:(1200.0,300.0).
Point BHD set:(572.0,197.0).
Airport BHD set:(572.0,197.0).
Point A set:(350.0,150.0).
Waypoint A set:(350.0,150.0).
Point B set:(400.0,470.0).
Waypoint B set:(400.0,470.0).
Point C set:(700.0,60.0).
Waypoint C set:(700.0,60.0).
Point D set:(800.0,320.0).
Waypoint D set:(800.0,320.0).
Point E set:(600.0,418.0).
Waypoint E set:(600.0,418.0).
Point F set:(500.0,220.0).
Waypoint F set:(500.0,220.0).
Point G set:(950.0,188.0).
Waypoint G set:(950.0,188.0).
Point H set:(1050.0,272.0).
Waypoint H set:(1050.0,272.0).
Point I set:(900.0,420.0).
Waypoint I set:(900.0,420.0).
Point J set:(240.0,250.0).
Waypoint J set:(240.0,250.0).
Point 1 set:(800.0,0.0).
ExitPoint 1 set:(800.0,0.0).
Point 2 set:(150.0,200.0).
ExitPoint 2 set:(150.0,200.0).
Point 3 set:(1200.0,300.0).
ExitPoint 3 set:(1200.0,300.0).
Point TEST set:(350.0,150.0).
Waypoint TEST set:(350.0,150.0).
Point BHD set:(572.0,197.0).
Airport BHD set:(572.0,197.0).
Point A set:(350.0,150.0).
Waypoint A set:(350.0,150.0).
Point B set:(400.0,470.0).
Waypoint B set:(400.0,470.0).
Point C set:(700.0,60.0).
Waypoint C set:(700.0,60.0).
Point D set:(800.0,320.0).
Waypoint D set:(800.0,320.0).
Point E set:(600.0,418.0).
Waypoint E set:(600.0,418.0).
Point F set:(500.0,220.0).
Waypoint F set:(500.0,220.0).
Point G set:(950.0,188.0).
Waypoint G set:(950.0,188.0).
Point H set:(1050.0,272.0).
Waypoint H set:(1050.0,272.0).
Point I set:(900.0,420.0).
Waypoint I set:(900.0,420.0).
Point J set:(240.0,250.0).
Waypoint J set:(240.0,250.0).
Point 1 set:(800.0,0.0).
ExitPoint 1 set:(800.0,0.0).
Point 2 set:(150.0,200.0).
ExitPoint 2 set:(150.0,200.0).
Point 3 set:(1200.0,300.0).
ExitPoint 3 set:(1200.0,300.0).
Point TEST set:(350.0,150.0).
Waypoint TEST set:(350.0,150.0).
Point BHD set:(572.0,197.0).
Airport BHD set:(572.0,197.0).
Point A set:(350.0,150.0).
Waypoint A set:(350.0,150.0).
Point B set:(400.0,470.0).
Waypoint B set:(400.0,470.0).
Point C set:(700.0,60.0).
Waypoint C set:(700.0,60.0).
Point D set:(800.0,320.0).
Waypoint D set:(800.0,320.0).
Point E set:(600.0,418.0).
Waypoint E set:(600.0,418.0).
Point F set:(500.0,220.0).
Waypoint F set:(500.0,220.0).
Point G set:(950.0,188.0).
Waypoint G set:(950.0,188.0).
Point H set:(1050.0,272.0).
Waypoint H set:(1050.0,272.0).
Point I set:(900.0,420.0).
Waypoint I set:(900.0,420.0).
Point J set:(240.0,250.0).
Waypoint J set:(240.0,250.0).
Point 1 set:(800.0,0.0).
ExitPoint 1 set:(800.0,0.0).
Point 2 set:(150.0,200.0).
ExitPoint 2 set:(150.0,200.0).
Point 3 set:(1200.0,300.0).
ExitPoint 3 set:(1200.0,300.0).
Point TEST set:(350.0,150.0).
Waypoint TEST set:(350.0,150.0).
Point BHD set:(572.0,197.0).
Airport BHD set:(572.0,197.0).
Point A set:(350.0,150.0).
Waypoint A set:(350.0,150.0).
Point B set:(400.0,470.0).
Waypoint B set:(400.0,470.0).
Point C set:(700.0,60.0).
Waypoint C set:(700.0,60.0).
Point D set:(800.0,320.0).
Waypoint D set:(800.0,320.0).
Point E set:(600.0,418.0).
Waypoint E set:(600.0,418.0).
Point F set:(500.0,220.0).
Waypoint F set:(500.0,220.0).
Point G set:(950.0,188.0).
Waypoint G set:(950.0,188.0).
Point H set:(1050.0,272.0).
Waypoint H set:(1050.0,272.0).
Point I set:(900.0,420.0).
Waypoint I set:(900.0,420.0).
Point J set:(240.0,250.0).
Waypoint J set:(240.0,250.0).
Point 1 set:(800.0,0.0).
ExitPoint 1 set:(800.0,0.0).
Point 2 set:(150.0,200.0).
ExitPoint 2 set:(150.0,200.0).
Point 3 set:(1200.0,300.0).
ExitPoint 3 set:(1200.0,300.0).
Point TEST set:(350.0,150.0).
Waypoint TEST set:(350.0,150.0).
Point BHD set:(572.0,197.0).
Airport BHD set:(572.0,197.0).
Point A set:(350.0,150.0).
Waypoint A set:(350.0,150.0).
Point B set:(400.0,470.0).
Waypoint B set:(400.0,470.0).
Point C set:(700.0,60.0).
Waypoint C set:(700.0,60.0).
Point D set:(800.0,320.0).
Waypoint D set:(800.0,320.0).
Point E set:(600.0,418.0).
Waypoint E set:(600.0,418.0).
Point F set:(500.0,220.0).
Waypoint F set:(500.0,220.0).
Point G set:(950.0,188.0).
Waypoint G set:(950.0,188.0).
Point H set:(1050.0,272.0).
Waypoint H set:(1050.0,272.0).
Point I set:(900.0,420.0).
Waypoint I set:(900.0,420.0).
Point J set:(240.0,250.0).
Waypoint J set:(240.0,250.0).
Point 1 set:(800.0,0.0).
ExitPoint 1 set:(800.0,0.0).
Point 2 set:(150.0,200.0).
ExitPoint 2 set:(150.0,200.0).
Point 3 set:(1200.0,300.0).
ExitPoint 3 set:(1200.0,300.0).
Point TEST set:(350.0,150.0).
Waypoint TEST set:(350.0,150.0).
Point BHD set:(572.0,197.0).
Airport BHD set:(572.0,197.0).
Point A set:(350.0,150.0).
Waypoint A set:(350.0,150.0).
Point B set:(400.0,470.0).
Waypoint B set:(400.0,470.0).
Point C set:(700.0,60.0).
Waypoint C set:(700.0,60.0).
Point D set:(800.0,320.0).
Waypoint D set:(800.0,320.0).
Point E set:(600.0,418.0).
Waypoint E set:(600.0,418.0).
Point F set:(500.0,220.0).
Waypoint F set:(500.0,220.0).
Point G set:(950.0,188.0).
Waypoint G set:(950.0,188.0).
Point H set:(1050.0,272.0).
Waypoint H set:(1050.0,272.0).
Point I set:(900.0,420.0).
Waypoint I set:(900.0,420.0).
Point J set:(240.0,250.0).
Waypoint J set:(240.0,250.0).
Point 1 set:(800.0,0.0).
ExitPoint 1 set:(800.0,0.0).
Point 2 set:(150.0,200.0).
ExitPoint 2 set:(150.0,200.0).
Point 3 set:(1200.0,300.0).
ExitPoint 3 set:(1200.0,300.0).
Point BHD set:(572.0,197.0).
Airport BHD set:(572.0,197.0).
Point A set:(350.0,150.0).
Waypoint A set:(350.0,150.0).
Point B set:(400.0,470.0).
Waypoint B set:(400.0,470.0).
Point C set:(700.0,60.0).
Waypoint C set:(700.0,60.0).
Point D set:(800.0,320.0).
Waypoint D set:(800.0,320.0).
Point E set:(600.0,418.0).
Waypoint E set:(600.0,418.0).
Point F set:(500.0,220.0).
Waypoint F set:(500.0,220.0).
Point G set:(950.0,188.0).
Waypoint G set:(950.0,188.0).
Point H set:(1050.0,272.0).
Waypoint H set:(1050.0,272.0).
Point I set:(900.0,420.0).
Waypoint I set:(900.0,420.0).
Point J set:(240.0,250.0).
Waypoint J set:(240.0,250.0).
Point 1 set:(800.0,0.0).
ExitPoint 1 set:(800.0,0.0).
Point 2 set:(150.0,200.0).
ExitPoint 2 set:(150.0,200.0).
Point 3 set:(1200.0,300.0).
ExitPoint 3 set:(1200.0,300.0).
Point BHD set:(572.0,197.0).
Airport BHD set:(572.0,197.0).
Point A set:(350.0,150.0).
Waypoint A set:(350.0,150.0).
Point B set:(400.0,470.0).
Waypoint B set:(400.0,470.0).
Point C set:(700.0,60.0).
Waypoint C set:(700.0,60.0).
Point D set:(800.0,320.0).
Waypoint D set:(800.0,320.0).
Point E set:(600.0,418.0).
Waypoint E set:(600.0,418.0).
Point F set:(500.0,220.0).
Waypoint F set:(500.0,220.0).
Point G set:(950.0,188.0).
Waypoint G set:(950.0,188.0).
Point H set:(1050.0,272.0).
Waypoint H set:(1050.0,272.0).
Point I set:(900.0,420.0).
Waypoint I set:(900.0,420.0).
Point J set:(240.0,250.0).
Waypoint J set:(240.0,250.0).
Point 1 set:(800.0,0.0).
ExitPoint 1 set:(800.0,0.0).
Point 2 set:(150.0,200.0).
ExitPoint 2 set:(150.0,200.0).
Point 3 set:(1200.0,300.0).
ExitPoint 3 set:(1200.0,300.0).
Point BHD set:(572.0,197.0).
Airport BHD set:(572.0,197.0).
Point A set:(350.0,150.0).
Waypoint A set:(350.0,150.0).
Point B set:(400.0,470.0).
Waypoint B set:(400.0,470.0).
Point C set:(700.0,60.0).
Waypoint C set:(700.0,60.0).
Point D set:(800.0,320.0).
Waypoint D set:(800.0,320.0).
Point E set:(600.0,418.0).
Waypoint E set:(600.0,418.0).
Point F set:(500.0,220.0).
Waypoint F set:(500.0,220.0).
Point G set:(950.0,188.0).
Waypoint G set:(950.0,188.0).
Point H set:(1050.0,272.0).
Waypoint H set:(1050.0,272.0).
Point I set:(900.0,420.0).
Waypoint I set:(900.0,420.0).
Point J set:(240.0,250.0).
Waypoint J set:(240.0,250.0).
Point 1 set:(800.0,0.0).
ExitPoint 1 set:(800.0,0.0).
Point 2 set:(150.0,200.0).
ExitPoint 2 set:(150.0,200.0).
Point 3 set:(1200.0,300.0).
ExitPoint 3 set:(1200.0,300.0).
Point BHD set:(572.0,197.0).
Airport BHD set:(572.0,197.0).
Point A set:(350.0,150.0).
Waypoint A set:(350.0,150.0).
Point B set:(400.0,470.0).
Waypoint B set:(400.0,470.0).
Point C set:(700.0,60.0).
Waypoint C set:(700.0,60.0).
Point D set:(800.0,320.0).
Waypoint D set:(800.0,320.0).
Point E set:(600.0,418.0).
Waypoint E set:(600.0,418.0).
Point F set:(500.0,220.0).
Waypoint F set:(500.0,220.0).
Point G set:(950.0,188.0).
Waypoint G set:(950.0,188.0).
Point H set:(1050.0,272.0).
Waypoint H set:(1050.0,272.0).
Point I set:(900.0,420.0).
Waypoint I set:(900.0,420.0).
Point J set:(240.0,250.0).
Waypoint J set:(240.0,250.0).
Point 1 set:(800.0,0.0).
ExitPoint 1 set:(800.0,0.0).
Point 2 set:(150.0,200.0).
ExitPoint 2 set:(150.0,200.0).
Point 3 set:(1200.0,300.0).
ExitPoint 3 set:(1200.0,300.0).
Point BHD set:(572.0,197.0).
Airport BHD set:(572.0,197.0).
Point A set:(350.0,150.0).
Waypoint A set:(350.0,150.0).
Point B set:(400.0,470.0).
Waypoint B set:(400.0,470.0).
Point C set:(700.0,60.0).
Waypoint C set:(700.0,60.0).
Point D set:(800.0,320.0).
Waypoint D set:(800.0,320.0).
Point E set:(600.0,418.0).
Waypoint E set:(600.0,418.0).
Point F set:(500.0,220.0).
Waypoint F set:(500.0,220.0).
Point G set:(950.0,188.0).
Waypoint G set:(950.0,188.0).
Point H set:(1050.0,272.0).
Waypoint H set:(1050.0,272.0).
Point I set:(900.0,420.0).
Waypoint I set:(900.0,420.0).
Point J set:(240.0,250.0).
Waypoint J set:(240.0,250.0).
Point 1 set:(800.0,0.0).
ExitPoint 1 set:(800.0,0.0).
Point 2 set:(150.0,200.0).
ExitPoint 2 set:(150.0,200.0).
Point 3 set:(1200.0,300.0).
ExitPoint 3 set:(1200.0,300.0).
Point BHD set:(572.0,197.0).
Airport BHD set:(572.0,197.0).
Point A set:(350.0,150.0).
Waypoint A set:(350.0,150.0).
Point B set:(400.0,470.0).
Waypoint B set:(400.0,470.0).
Point C set:(700.0,60.0).
Waypoint C set:(700.0,60.0).
Point D set:(800.0,320.0).
Waypoint D set:(800.0,320.0).
Point E set:(600.0,418.0).
Waypoint E set:(600.0,418.0).
Point F set:(500.0,220.0).
Waypoint F set:(500.0,220.0).
Point G set:(950.0,188.0).
Waypoint G set:(950.0,188.0).
Point H set:(1050.0,272.0).
Waypoint H set:(1050.0,272.0).
Point I set:(900.0,420.0).
Waypoint I set:(900.0,420.0).
Point J set:(240.0,250.0).
Waypoint J set:(240.0,250.0).
Point 1 set:(800.0,0.0).
ExitPoint 1 set:(800.0,0.0).
Point 2 set:(150.0,200.0).
ExitPoint 2 set:(150.0,200.0).
Point 3 set:(1200.0,300.0).
ExitPoint 3 set:(1200.0,300.0).
Point BHD set:(572.0,197.0).
Airport BHD set:(572.0,197.0).
Point A set:(350.0,150.0).
Waypoint A set:(350.0,150.0).
Point B set:(400.0,470.0).
Waypoint B set:(400.0,470.0).
Point C set:(700.0,60.0).
Waypoint C set:(700.0,60.0).
Point D set:(800.0,320.0).
Waypoint D set:(800.0,320.0).
Point E set:(600.0,418.0).
Waypoint E set:(600.0,418.0).
Point F set:(500.0,220.0).
Waypoint F set:(500.0,220.0).
Point G set:(950.0,188.0).
Waypoint G set:(950.0,188.0).
Point H set:(1050.0,272.0).
Waypoint H set:(1050.0,272.0).
Point I set:(900.0,420.0).
Waypoint I set:(900.0,420.0).
Point J set:(240.0,250.0).
Waypoint J set:(240.0,250.0).
Point 1 set:(800.0,0.0).
ExitPoint 1 set:(800.0,0.0).
Point 2 set:(150.0,200.0).
ExitPoint 2 set:(150.0,200.0).
Point 3 set:(1200.0,300.0).
ExitPoint 3 set:(1200.0,300.0).
Point BHD set:(572.0,197.0).
Airport BHD set:(572.0,197.0).
Point A set:(350.0,150.0).
Waypoint A set:(350.0,150.0).
Point B set:(400.0,470.0).
Waypoint B set:(400.0,470.0).
Point C set:(700.0,60.0).
Waypoint C set:(700.0,60.0).
Point D set:(800.0,320.0).
Waypoint D set:(800.0,320.0).
Point E set:(600.0,418.0).
Waypoint E set:(600.0,418.0).
Point F set:(500.0,220.0).
Waypoint F set:(500.0,220.0).
Point G set:(950.0,188.0).
Waypoint G set:(950.0,188.0).
Point H set:(1050.0,272.0).
Waypoint H set:(1050.0,272.0).
Point I set:(900.0,420.0).
Waypoint I set:(900.0,420.0).
Point J set:(240.0,250.0).
Waypoint J set:(240.0,250.0).
Point 1 set:(800.0,0.0).
ExitPoint 1 set:(800.0,0.0).
Point 2 set:(150.0,200.0).
ExitPoint 2 set:(150.0,200.0).
Point 3 set:(1200.0,300.0).
ExitPoint 3 set:(1200.0,300.0).
Point BHD set:(572.0,197.0).
Airport BHD set:(572.0,197.0).
Point A set:(350.0,150.0).
Waypoint A set:(350.0,150.0).
Point B set:(400.0,470.0).
Waypoint B set:(400.0,470.0).
Point C set:(700.0,60.0).
Waypoint C set:(700.0,60.0).
Point D set:(800.0,320.0).
Waypoint D set:(800.0,320.0).
Point E set:(600.0,418.0).
Waypoint E set:(600.0,418.0).
Point F set:(500.0,220.0).
Waypoint F set:(500.0,220.0).
Point G set:(950.0,188.0).
Waypoint G set:(950.0,188.0).
Point H set:(1050.0,272.0).
Waypoint H set:(1050.0,272.0).
Point I set:(900.0,420.0).
Waypoint I set:(900.0,420.0).
Point J set:(240.0,250.0).
Waypoint J set:(240.0,250.0).
Point 1 set:(800.0,0.0).
ExitPoint 1 set:(800.0,0.0).
Point 2 set:(150.0,200.0).
ExitPoint 2 set:(150.0,200.0).
Point 3 set:(1200.0,300.0).
ExitPoint 3 set:(1200.0,300.0).
Point BHD set:(572.0,197.0).
Airport BHD set:(572.0,197.0).
Point A set:(350.0,150.0).
Waypoint A set:(350.0,150.0).
Point B set:(400.0,470.0).
Waypoint B set:(400.0,470.0).
Point C set:(700.0,60.0).
Waypoint C set:(700.0,60.0).
Point D set:(800.0,320.0).
Waypoint D set:(800.0,320.0).
Point E set:(600.0,418.0).
Waypoint E set:(600.0,418.0).
Point F set:(500.0,220.0).
Waypoint F set:(500.0,220.0).
Point G set:(950.0,188.0).
Waypoint G set:(950.0,188.0).
Point H set:(1050.0,272.0).
Waypoint H set:(1050.0,272.0).
Point I set:(900.0,420.0).
Waypoint I set:(900.0,420.0).
Point J set:(240.0,250.0).
Waypoint J set:(240.0,250.0).
Point 1 set:(800.0,0.0).
ExitPoint 1 set:(800.0,0.0).
Point 2 set:(150.0,200.0).
ExitPoint 2 set:(150.0,200.0).
Point 3 set:(1200.0,300.0).
ExitPoint 3 set:(1200.0,300.0).
Point BHD set:(572.0,197.0).
Airport BHD set:(572.0,197.0).
Point A set:(350.0,150.0).
Waypoint A set:(350.0,150.0).
Point B set:(400.0,470.0).
Waypoint B set:(400.0,470.0).
Point C set:(700.0,60.0).
Waypoint C set:(700.0,60.0).
Point D set:(800.0,320.0).
Waypoint D set:(800.0,320.0).
Point E set:(600.0,418.0).
Waypoint E set:(600.0,418.0).
Point F set:(500.0,220.0).
Waypoint F set:(500.0,220.0).
Point G set:(950.0,188.0).
Waypoint G set:(950.0,188.0).
Point H set:(1050.0,272.0).
Waypoint H set:(1050.0,272.0).
Point I set:(900.0,420.0).
Waypoint I set:(900.0,420.0).
Point J set:(240.0,250.0).
Waypoint J set:(240.0,250.0).
Point 1 set:(800.0,0.0).
ExitPoint 1 set:(800.0,0.0).
Point 2 set:(150.0,200.0).
ExitPoint 2 set:(150.0,200.0).
Point 3 set:(1200.0,300.0).
ExitPoint 3 set:(1200.0,300.0).
Point BHD set:(572.0,197.0).
Airport BHD set:(572.0,197.0).
Point A set:(350.0,150.0).
Waypoint A set:(350.0,150.0).
Point B set:(400.0,470.0).
Waypoint B set:(400.0,470.0).
Point C set:(700.0,60.0).
Waypoint C set:(700.0,60.0).
Point D set:(800.0,320.0).
Waypoint D set:(800.0,320.0).
Point E set:(600.0,418.0).
Waypoint E set:(600.0,418.0).
Point F set:(500.0,220.0).
Waypoint F set:(500.0,220.0).
Point G set:(950.0,188.0).
Waypoint G set:(950.0,188.0).
Point H set:(1050.0,272.0).
Waypoint H set:(1050.0,272.0).
Point I set:(900.0,420.0).
Waypoint I set:(900.0,420.0).
Point J set:(240.0,250.0).
Waypoint J set:(240.0,250.0).
Point 1 set:(800.0,0.0).
ExitPoint 1 set:(800.0,0.0).
Point 2 set:(150.0,200.0).
ExitPoint 2 set:(150.0,200.0).
Point 3 set:(1200.0,300.0).
ExitPoint 3 set:(1200.0,300.0).
Point BHD set:(572.0,197.0).
Airport BHD set:(572.0,197.0).
Point A set:(350.0,150.0).
Waypoint A set:(350.0,150.0).
Point B set:(400.0,470.0).
Waypoint B set:(400.0,470.0).
Point C set:(700.0,60.0).
Waypoint C set:(700.0,60.0).
Point D set:(800.0,320.0).
Waypoint D set:(800.0,320.0).
Point E set:(600.0,418.0).
Waypoint E set:(600.0,418.0).
Point F set:(500.0,220.0).
Waypoint F set:(500.0,220.0).
Point G set:(950.0,188.0).
Waypoint G set:(950.0,188.0).
Point H set:(1050.0,272.0).
Waypoint H set:(1050.0,272.0).
Point I set:(900.0,420.0).
Waypoint I set:(900.0,420.0).
Point J set:(240.0,250.0).
Waypoint J set:(240.0,250.0).
Point 1 set:(800.0,0.0).
ExitPoint 1 set:(800.0,0.0).
Point 2 set:(150.0,200.0).
ExitPoint 2 set:(150.0,200.0).
Point 3 set:(1200.0,300.0).
ExitPoint 3 set:(1200.0,300.0).
Point BHD set:(572.0,197.0).
Airport BHD set:(572.0,197.0).
Point A set:(350.0,150.0).
Waypoint A set:(350.0,150.0).
Point B set:(400.0,470.0).
Waypoint B set:(400.0,470.0).
Point C set:(700.0,60.0).
Waypoint C set:(700.0,60.0).
Point D set:(800.0,320.0).
Waypoint D set:(800.0,320.0).
Point E set:(600.0,418.0).
Waypoint E set:(600.0,418.0).
Point F set:(500.0,220.0).
Waypoint F set:(500.0,220.0).
Point G set:(950.0,188.0).
Waypoint G set:(950.0,188.0).
Point H set:(1050.0,272.0).
Waypoint H set:(1050.0,272.0).
Point I set:(900.0,420.0).
Waypoint I set:(900.0,420.0).
Point J set:(240.0,250.0).
Waypoint J set:(240.0,250.0).
Point 1 set:(800.0,0.0).
ExitPoint 1 set:(800.0,0.0).
Point 2 set:(150.0,200.0).
ExitPoint 2 set:(150.0,200.0).
Point 3 set:(1200.0,300.0).
ExitPoint 3 set:(1200.0,300.0).
Point BHD set:(572.0,197.0).
Airport BHD set:(572.0,197.0).
Point A set:(350.0,150.0).
Waypoint A set:(350.0,150.0).
Point B set:(400.0,470.0).
Waypoint B set:(400.0,470.0).
Point C set:(700.0,60.0).
Waypoint C set:(700.0,60.0).
Point D set:(800.0,320.0).
Waypoint D set:(800.0,320.0).
Point E set:(600.0,418.0).
Waypoint E set:(600.0,418.0).
Point F set:(500.0,220.0).
Waypoint F set:(500.0,220.0).
Point G set:(950.0,188.0).
Waypoint G set:(950.0,188.0).
Point H set:(1050.0,272.0).
Waypoint H set:(1050.0,272.0).
Point I set:(900.0,420.0).
Waypoint I set:(900.0,420.0).
Point J set:(240.0,250.0).
Waypoint J set:(240.0,250.0).
Point 1 set:(800.0,0.0).
ExitPoint 1 set:(800.0,0.0).
Point 2 set:(150.0,200.0).
ExitPoint 2 set:(150.0,200.0).
Point 3 set:(1200.0,300.0).
ExitPoint 3 set:(1200.0,300.0).
Point BHD set:(572.0,197.0).
Airport BHD set:(572.0,197.0).
Point A set:(350.0,150.0).
Waypoint A set:(350.0,150.0).
Point B set:(400.0,470.0).
Waypoint B set:(400.0,470.0).
Point C set:(700.0,60.0).
Waypoint C set:(700.0,60.0).
Point D set:(800.0,320.0).
Waypoint D set:(800.0,320.0).
Point E set:(600.0,418.0).
Waypoint E set:(600.0,418.0).
Point F set:(500.0,220.0).
Waypoint F set:(500.0,220.0).
Point G set:(950.0,188.0).
Waypoint G set:(950.0,188.0).
Point H set:(1050.0,272.0).
Waypoint H set:(1050.0,272.0).
Point I set:(900.0,420.0).
Waypoint I set:(900.0,420.0).
Point J set:(240.0,250.0).
Waypoint J set:(240.0,250.0).
Point 1 set:(800.0,0.0).
ExitPoint 1 set:(800.0,0.0).
Point 2 set:(150.0,200.0).
ExitPoint 2 set:(150.0,200.0).
Point 3 set:(1200.0,300.0).
ExitPoint 3 set:(1200.0,300.0).
Point BHD set:(572.0,197.0).
Airport BHD set:(572.0,197.0).
Point A set:(350.0,150.0).
Waypoint A set:(350.0,150.0).
Point B set:(400.0,470.0).
Waypoint B set:(400.0,470.0).
Point C set:(700.0,60.0).
Waypoint C set:(700.0,60.0).
Point D set:(800.0,320.0).
Waypoint D set:(800.0,320.0).
Point E set:(600.0,418.0).
Waypoint E set:(600.0,418.0).
Point F set:(500.0,220.0).
Waypoint F set:(500.0,220.0).
Point G set:(950.0,188.0).
Waypoint G set:(950.0,188.0).
Point H set:(1050.0,272.0).
Waypoint H set:(1050.0,272.0).
Point I set:(900.0,420.0).
Waypoint I set:(900.0,420.0).
Point J set:(240.0,250.0).
Waypoint J set:(240.0,250.0).
Point 1 set:(800.0,0.0).
ExitPoint 1 set:(800.0,0.0).
Point 2 set:(150.0,200.0).
ExitPoint 2 set:(150.0,200.0).
Point 3 set:(1200.0,300.0).
ExitPoint 3 set:(1200.0,300.0).
Point BHD set:(572.0,197.0).
Airport BHD set:(572.0,197.0).
Point A set:(350.0,150.0).
Waypoint A set:(350.0,150.0).
Point B set:(400.0,470.0).
Waypoint B set:(400.0,470.0).
Point C set:(700.0,60.0).
Waypoint C set:(700.0,60.0).
Point D set:(800.0,320.0).
Waypoint D set:(800.0,320.0).
Point E set:(600.0,418.0).
Waypoint E set:(600.0,418.0).
Point F set:(500.0,220.0).
Waypoint F set:(500.0,220.0).
Point G set:(950.0,188.0).
Waypoint G set:(950.0,188.0).
Point H set:(1050.0,272.0).
Waypoint H set:(1050.0,272.0).
Point I set:(900.0,420.0).
Waypoint I set:(900.0,420.0).
Point J set:(240.0,250.0).
Waypoint J set:(240.0,250.0).
Point 1 set:(800.0,0.0).
ExitPoint 1 set:(800.0,0.0).
Point 2 set:(150.0,200.0).
ExitPoint 2 set:(150.0,200.0).
Point 3 set:(1200.0,300.0).
ExitPoint 3 set:(1200.0,300.0).
Point BHD set:(572.0,197.0).
Airport BHD set:(572.0,197.0).
Point A set:(350.0,150.0).
Waypoint A set:(350.0,150.0).
Point B set:(400.0,470.0).
Waypoint B set:(400.0,470.0).
Point C set:(700.0,60.0).
Waypoint C set:(700.0,60.0).
Point D set:(800.0,320.0).
Waypoint D set:(800.0,320.0).
Point E set:(600.0,418.0).
Waypoint E set:(600.0,418.0).
Point F set:(500.0,220.0).
Waypoint F set:(500.0,220.0).
Point G set:(950.0,188.0).
Waypoint G set:(950.0,188.0).
Point H set:(1050.0,272.0).
Waypoint H set:(1050.0,272.0).
Point I set:(900.0,420.0).
Waypoint I set:(900.0,420.0).
Point J set:(240.0,250.0).
Waypoint J set:(240.0,250.0).
Point 1 set:(800.0,0.0).
ExitPoint 1 set:(800.0,0.0).
Point 2 set:(150.0,200.0).
ExitPoint 2 set:(150.0,200.0).
Point 3 set:(1200.0,300.0).
ExitPoint 3 set:(1200.0,300.0).
Point BHD set:(572.0,197.0).
Airport BHD set:(572.0,197.0).
Point A set:(350.0,150.0).
Waypoint A set:(350.0,150.0).
Point B set:(400.0,470.0).
Waypoint B set:(400.0,470.0).
Point C set:(700.0,60.0).
Waypoint C set:(700.0,60.0).
Point D set:(800.0,320.0).
Waypoint D set:(800.0,320.0).
Point E set:(600.0,418.0).
Waypoint E set:(600.0,418.0).
Point F set:(500.0,220.0).
Waypoint F set:(500.0,220.0).
Point G set:(950.0,188.0).
Waypoint G set:(950.0,188.0).
Point H set:(1050.0,272.0).
Waypoint H set:(1050.0,272.0).
Point I set:(900.0,420.0).
Waypoint I set:(900.0,420.0).
Point J set:(240.0,250.0).
Waypoint J set:(240.0,250.0).
Point 1 set:(800.0,0.0).
ExitPoint 1 set:(800.0,0.0).
Point 2 set:(150.0,200.0).
ExitPoint 2 set:(150.0,200.0).
Point 3 set:(1200.0,300.0).
ExitPoint 3 set:(1200.0,300.0).
Point BHD set:(572.0,197.0).
Airport BHD set:(572.0,197.0).
Point A set:(350.0,150.0).
Waypoint A set:(350.0,150.0).
Point B set:(400.0,470.0).
Waypoint B set:(400.0,470.0).
Point C set:(700.0,60.0).
Waypoint C set:(700.0,60.0).
Point D set:(800.0,320.0).
Waypoint D set:(800.0,320.0).
Point E set:(600.0,418.0).
Waypoint E set:(600.0,418.0).
Point F set:(500.0,220.0).
Waypoint F set:(500.0,220.0).
Point G set:(950.0,188.0).
Waypoint G set:(950.0,188.0).
Point H set:(1050.0,272.0).
Waypoint H set:(1050.0,272.0).
Point I set:(900.0,420.0).
Waypoint I set:(900.0,420.0).
Point J set:(240.0,250.0).
Waypoint J set:(240.0,250.0).
Point 1 set:(800.0,0.0).
ExitPoint 1 set:(800.0,0.0).
Point 2 set:(150.0,200.0).
ExitPoint 2 set:(150.0,200.0).
Point 3 set:(1200.0,300.0).
ExitPoint 3 set:(1200.0,300.0).
Point BHD set:(572.0,197.0).
Airport BHD set:(572.0,197.0).
Point A set:(350.0,150.0).
Waypoint A set:(350.0,150.0).
Point B set:(400.0,470.0).
Waypoint B set:(400.0,470.0).
Point C set:(700.0,60.0).
Waypoint C set:(700.0,60.0).
Point D set:(800.0,320.0).
Waypoint D set:(800.0,320.0).
Point E set:(600.0,418.0).
Waypoint E set:(600.0,418.0).
Point F set:(500.0,220.0).
Waypoint F set:(500.0,220.0).
Point G set:(950.0,188.0).
Waypoint G set:(950.0,188.0).
Point H set:(1050.0,272.0).
Waypoint H set:(1050.0,272.0).
Point I set:(900.0,420.0).
Waypoint I set:(900.0,420.0).
Point J set:(240.0,250.0).
Waypoint J set:(240.0,250.0).
Point 1 set:(800.0,0.0).
ExitPoint 1 set:(800.0,0.0).
Point 2 set:(150.0,200.0).
ExitPoint 2 set:(150.0,200.0).
Point 3 set:(1200.0,300.0).
ExitPoint 3 set:(1200.0,300.0).
Point BHD set:(572.0,197.0).
Airport BHD set:(572.0,197.0).
Point A set:(350.0,150.0).
Waypoint A set:(350.0,150.0).
Point B set:(400.0,470.0).
Waypoint B set:(400.0,470.0).
Point C set:(700.0,60.0).
Waypoint C set:(700.0,60.0).
Point D set:(800.0,320.0).
Waypoint D set:(800.0,320.0).
Point E set:(600.0,418.0).
Waypoint E set:(600.0,418.0).
Point F set:(500.0,220.0).
Waypoint F set:(500.0,220.0).
Point G set:(950.0,188.0).
Waypoint G set:(950.0,188.0).
Point H set:(1050.0,272.0).
Waypoint H set:(1050.0,272.0).
Point I set:(900.0,420.0).
Waypoint I set:(900.0,420.0).
Point J set:(240.0,250.0).
Waypoint J set:(240.0,250.0).
Point 1 set:(800.0,0.0).
ExitPoint 1 set:(800.0,0.0).
Point 2 set:(150.0,200.0).
ExitPoint 2 set:(150.0,200.0).
Point 3 set:(1200.0,300.0).
ExitPoint 3 set:(1200.0,300.0).
Point BHD set:(572.0,197.0).
Airport BHD set:(572.0,197.0).
Point A set:(350.0,150.0).
Waypoint A set:(350.0,150.0).
Point B set:(400.0,470.0).
Waypoint B set:(400.0,470.0).
Point C set:(700.0,60.0).
Waypoint C set:(700.0,60.0).
Point D set:(800.0,320.0).
Waypoint D set:(800.0,320.0).
Point E set:(600.0,418.0).
Waypoint E set:(600.0,418.0).
Point F set:(500.0,220.0).
Waypoint F set:(500.0,220.0).
Point G set:(950.0,188.0).
Waypoint G set:(950.0,188.0).
Point H set:(1050.0,272.0).
Waypoint H set:(1050.0,272.0).
Point I set:(900.0,420.0).
Waypoint I set:(900.0,420.0).
Point J set:(240.0,250.0).
Waypoint J set:(240.0,250.0).
Point 1 set:(800.0,0.0).
ExitPoint 1 set:(800.0,0.0).
Point 2 set:(150.0,200.0).
ExitPoint 2 set:(150.0,200.0).
Point 3 set:(1200.0,300.0).
ExitPoint 3 set:(1200.0,300.0).
Point BHD set:(572.0,197.0).
Airport BHD set:(572.0,197.0).
Point A set:(350.0,150.0).
Waypoint A set:(350.0,150.0).
Point B set:(400.0,470.0).
Waypoint B set:(400.0,470.0).
Point C set:(700.0,60.0).
Waypoint C set:(700.0,60.0).
Point D set:(800.0,320.0).
Waypoint D set:(800.0,320.0).
Point E set:(600.0,418.0).
Waypoint E set:(600.0,418.0).
Point F set:(500.0,220.0).
Waypoint F set:(500.0,220.0).
Point G set:(950.0,188.0).
Waypoint G set:(950.0,188.0).
Point H set:(1050.0,272.0).
Waypoint H set:(1050.0,272.0).
Point I set:(900.0,420.0).
Waypoint I set:(900.0,420.0).
Point J set:(240.0,250.0).
Waypoint J set:(240.0,250.0).
Point 1 set:(800.0,0.0).
ExitPoint 1 set:(800.0,0.0).
Point 2 set:(150.0,200.0).
ExitPoint 2 set:(150.0,200.0).
Point 3 set:(1200.0,300.0).
ExitPoint 3 set:(1200.0,300.0).
Point BHD set:(572.0,197.0).
Airport BHD set:(572.0,197.0).
Point A set:(350.0,150.0).
Waypoint A set:(350.0,150.0).
Point B set:(400.0,470.0).
Waypoint B set:(400.0,470.0).
Point C set:(700.0,60.0).
Waypoint C set:(700.0,60.0).
Point D set:(800.0,320.0).
Waypoint D set:(800.0,320.0).
Point E set:(600.0,418.0).
Waypoint E set:(600.0,418.0).
Point F set:(500.0,220.0).
Waypoint F set:(500.0,220.0).
Point G set:(950.0,188.0).
Waypoint G set:(950.0,188.0).
Point H set:(1050.0,272.0).
Waypoint H set:(1050.0,272.0).
Point I set:(900.0,420.0).
Waypoint I set:(900.0,420.0).
Point J set:(240.0,250.0).
Waypoint J set:(240.0,250.0).
Point 1 set:(800.0,0.0).
ExitPoint 1 set:(800.0,0.0).
Point 2 set:(150.0,200.0).
ExitPoint 2 set:(150.0,200.0).
Point 3 set:(1200.0,300.0).
ExitPoint 3 set:(1200.0,300.0).
Point BHD set:(572.0,197.0).
Airport BHD set:(572.0,197.0).
Point A set:(350.0,150.0).
Waypoint A set:(350.0,150.0).
Point B set:(400.0,470.0).
Waypoint B set:(400.0,470.0).
Point C set:(700.0,60.0).
Waypoint C set:(700.0,60.0).
Point D set:(800.0,320.0).
Waypoint D set:(800.0,320.0).
Point E set:(600.0,418.0).
Waypoint E set:(600.0,418.0).
Point F set:(500.0,220.0).
Waypoint F set:(500.0,220.0).
Point G set:(950.0,188.0).
Waypoint G set:(950.0,188.0).
Point H set:(1050.0,272.0).
Waypoint H set:(1050.0,272.0).
Point I set:(900.0,420.0).
Waypoint I set:(900.0,420.0).
Point J set:(240.0,250.0).
Waypoint J set:(240.0,250.0).
Point 1 set:(800.0,0.0).
ExitPoint 1 set:(800.0,0.0).
Point 2 set:(150.0,200.0).
ExitPoint 2 set:(150.0,200.0).
Point 3 set:(1200.0,300.0).
ExitPoint 3 set:(1200.0,300.0).
Point BHD set:(572.0,197.0).
Airport BHD set:(572.0,197.0).
Point A set:(350.0,150.0).
Waypoint A set:(350.0,150.0).
Point B set:(400.0,470.0).
Waypoint B set:(400.0,470.0).
Point C set:(700.0,60.0).
Waypoint C set:(700.0,60.0).
Point D set:(800.0,320.0).
Waypoint D set:(800.0,320.0).
Point E set:(600.0,418.0).
Waypoint E set:(600.0,418.0).
Point F set:(500.0,220.0).
Waypoint F set:(500.0,220.0).
Point G set:(950.0,188.0).
Waypoint G set:(950.0,188.0).
Point H set:(1050.0,272.0).
Waypoint H set:(1050.0,272.0).
Point I set:(900.0,420.0).
Waypoint I set:(900.0,420.0).
Point J set:(240.0,250.0).
Waypoint J set:(240.0,250.0).
Point 1 set:(800.0,0.0).
ExitPoint 1 set:(800.0,0.0).
Point 2 set:(150.0,200.0).
ExitPoint 2 set:(150.0,200.0).
Point 3 set:(1200.0,300.0).
ExitPoint 3 set:(1200.0,300.0).
Point BHD set:(572.0,197.0).
Airport BHD set:(572.0,197.0).
Point A set:(350.0,150.0).
Waypoint A set:(350.0,150.0).
Point B set:(400.0,470.0).
Waypoint B set:(400.0,470.0).
Point C set:(700.0,60.0).
Waypoint C set:(700.0,60.0).
Point D set:(800.0,320.0).
Waypoint D set:(800.0,320.0).
Point E set:(600.0,418.0).
Waypoint E set:(600.0,418.0).
Point F set:(500.0,220.0).
Waypoint F set:(500.0,220.0).
Point G set:(950.0,188.0).
Waypoint G set:(950.0,188.0).
Point H set:(1050.0,272.0).
Waypoint H set:(1050.0,272.0).
Point I set:(900.0,420.0).
Waypoint I set:(900.0,420.0).
Point J set:(240.0,250.0).
Waypoint J set:(240.0,250.0).
Point 1 set:(800.0,0.0).
ExitPoint 1 set:(800.0,0.0).
Point 2 set:(150.0,200.0).
ExitPoint 2 set:(150.0,200.0).
Point 3 set:(1200.0,300.0).
ExitPoint 3 set:(1200.0,300.0).
Point BHD set:(572.0,197.0).
Airport BHD set:(572.0,197.0).
Point A set:(350.0,150.0).
Waypoint A set:(350.0,150.0).
Point B set:(400.0,470.0).
Waypoint B set:(400.0,470.0).
Point C set:(700.0,60.0).
Waypoint C set:(700.0,60.0).
Point D set:(800.0,320.0).
Waypoint D set:(800.0,320.0).
Point E set:(600.0,418.0).
Waypoint E set:(600.0,418.0).
Point F set:(500.0,220.0).
Waypoint F set:(500.0,220.0).
Point G set:(950.0,188.0).
Waypoint G set:(950.0,188.0).
Point H set:(1050.0,272.0).
Waypoint H set:(1050.0,272.0).
Point I set:(900.0,420.0).
Waypoint I set:(900.0,420.0).
Point J set:(240.0,250.0).
Waypoint J set:(240.0,250.0).
Point 1 set:(800.0,0.0).
ExitPoint 1 set:(800.0,0.0).
Point 2 set:(150.0,200.0).
ExitPoint 2 set:(150.0,200.0).
Point 3 set:(1200.0,300.0).
ExitPoint 3 set:(1200.0,300.0).
Point BHD set:(572.0,197.0).
Airport BHD set:(572.0,197.0).
Point A set:(350.0,150.0).
Waypoint A set:(350.0,150.0).
Point B set:(400.0,470.0).
Waypoint B set:(400.0,470.0).
Point C set:(700.0,60.0).
Waypoint C set:(700.0,60.0).
Point D set:(800.0,320.0).
Waypoint D set:(800.0,320.0).
Point E set:(600.0,418.0).
Waypoint E set:(600.0,418.0).
Point F set:(500.0,220.0).
Waypoint F set:(500.0,220.0).
Point G set:(950.0,188.0).
Waypoint G set:(950.0,188.0).
Point H set:(1050.0,272.0).
Waypoint H set:(1050.0,272.0).
Point I set:(900.0,420.0).
Waypoint I set:(900.0,420.0).
Point J set:(240.0,250.0).
Waypoint J set:(240.0,250.0).
Point 1 set:(800.0,0.0).
ExitPoint 1 set:(800.0,0.0).
Point 2 set:(150.0,200.0).
ExitPoint 2 set:(150.0,200.0).
Point 3 set:(1200.0,300.0).
ExitPoint 3 set:(1200.0,300.0).
Point BHD set:(572.0,197.0).
Airport BHD set:(572.0,197.0).
Point A set:(350.0,150.0).
Waypoint A set:(350.0,150.0).
Point B set:(400.0,470.0).
Waypoint B set:(400.0,470.0).
Point C set:(700.0,60.0).
Waypoint C set:(700.0,60.0).
Point D set:(800.0,320.0).
Waypoint D set:(800.0,320.0).
Point E set:(600.0,418.0).
Waypoint E set:(600.0,418.0).
Point F set:(500.0,220.0).
Waypoint F set:(500.0,220.0).
Point G set:(950.0,188.0).
Waypoint G set:(950.0,188.0).
Point H set:(1050.0,272.0).
Waypoint H set:(1050.0,272.0).
Point I set:(900.0,420.0).
Waypoint I set:(900.0,420.0).
Point J set:(240.0,250.0).
Waypoint J set:(240.0,250.0).
Point 1 set:(800.0,0.0).
ExitPoint 1 set:(800.0,0.0).
Point 2 set:(150.0,200.0).
ExitPoint 2 set:(150.0,200.0).
Point 3 set:(1200.0,300.0).
ExitPoint 3 set:(1200.0,300.0).
]]></system-out>

      <system-err><![CDATA[]]></system-err>

  </testsuite>
  <testsuite errors="0" failures="0" hostname="tims-macbook" id="3" name="SeparationRules_Tests" package="unitTests" skipped="0" tests="5" time="0.091" timestamp="2014-02-18T21:28:11">
      <properties>
[...]
</properties>

      <testcase classname="unitTests.SeparationRules_Tests" name="checkViolationFalseVerticalTest" time="0.011" />

      <testcase classname="unitTests.SeparationRules_Tests" name="verticalDistanceBetweenFlightsTest" time="0.0010" />

      <testcase classname="unitTests.SeparationRules_Tests" name="checkViolationFalseLateralTest" time="0.0020" />

      <testcase classname="unitTests.SeparationRules_Tests" name="lateralDistanceBetweenFLightsTest" time="0.0020" />

      <testcase classname="unitTests.SeparationRules_Tests" name="checkViolationTrueTest" time="0.0020" />

      <system-out><![CDATA[Point BHD set:(572.0,197.0).
Airport BHD set:(572.0,197.0).
Point A set:(350.0,150.0).
Waypoint A set:(350.0,150.0).
Point B set:(400.0,470.0).
Waypoint B set:(400.0,470.0).
Point C set:(700.0,60.0).
Waypoint C set:(700.0,60.0).
Point D set:(800.0,320.0).
Waypoint D set:(800.0,320.0).
Point E set:(600.0,418.0).
Waypoint E set:(600.0,418.0).
Point F set:(500.0,220.0).
Waypoint F set:(500.0,220.0).
Point G set:(950.0,188.0).
Waypoint G set:(950.0,188.0).
Point H set:(1050.0,272.0).
Waypoint H set:(1050.0,272.0).
Point I set:(900.0,420.0).
Waypoint I set:(900.0,420.0).
Point J set:(240.0,250.0).
Waypoint J set:(240.0,250.0).
Point 1 set:(800.0,0.0).
ExitPoint 1 set:(800.0,0.0).
Point 2 set:(150.0,200.0).
ExitPoint 2 set:(150.0,200.0).
Point 3 set:(1200.0,300.0).
ExitPoint 3 set:(1200.0,300.0).
Point BHD set:(572.0,197.0).
Airport BHD set:(572.0,197.0).
Point A set:(350.0,150.0).
Waypoint A set:(350.0,150.0).
Point B set:(400.0,470.0).
Waypoint B set:(400.0,470.0).
Point C set:(700.0,60.0).
Waypoint C set:(700.0,60.0).
Point D set:(800.0,320.0).
Waypoint D set:(800.0,320.0).
Point E set:(600.0,418.0).
Waypoint E set:(600.0,418.0).
Point F set:(500.0,220.0).
Waypoint F set:(500.0,220.0).
Point G set:(950.0,188.0).
Waypoint G set:(950.0,188.0).
Point H set:(1050.0,272.0).
Waypoint H set:(1050.0,272.0).
Point I set:(900.0,420.0).
Waypoint I set:(900.0,420.0).
Point J set:(240.0,250.0).
Waypoint J set:(240.0,250.0).
Point 1 set:(800.0,0.0).
ExitPoint 1 set:(800.0,0.0).
Point 2 set:(150.0,200.0).
ExitPoint 2 set:(150.0,200.0).
Point 3 set:(1200.0,300.0).
ExitPoint 3 set:(1200.0,300.0).
Point BHD set:(572.0,197.0).
Airport BHD set:(572.0,197.0).
Point A set:(350.0,150.0).
Waypoint A set:(350.0,150.0).
Point B set:(400.0,470.0).
Waypoint B set:(400.0,470.0).
Point C set:(700.0,60.0).
Waypoint C set:(700.0,60.0).
Point D set:(800.0,320.0).
Waypoint D set:(800.0,320.0).
Point E set:(600.0,418.0).
Waypoint E set:(600.0,418.0).
Point F set:(500.0,220.0).
Waypoint F set:(500.0,220.0).
Point G set:(950.0,188.0).
Waypoint G set:(950.0,188.0).
Point H set:(1050.0,272.0).
Waypoint H set:(1050.0,272.0).
Point I set:(900.0,420.0).
Waypoint I set:(900.0,420.0).
Point J set:(240.0,250.0).
Waypoint J set:(240.0,250.0).
Point 1 set:(800.0,0.0).
ExitPoint 1 set:(800.0,0.0).
Point 2 set:(150.0,200.0).
ExitPoint 2 set:(150.0,200.0).
Point 3 set:(1200.0,300.0).
ExitPoint 3 set:(1200.0,300.0).
Point BHD set:(572.0,197.0).
Airport BHD set:(572.0,197.0).
Point A set:(350.0,150.0).
Waypoint A set:(350.0,150.0).
Point B set:(400.0,470.0).
Waypoint B set:(400.0,470.0).
Point C set:(700.0,60.0).
Waypoint C set:(700.0,60.0).
Point D set:(800.0,320.0).
Waypoint D set:(800.0,320.0).
Point E set:(600.0,418.0).
Waypoint E set:(600.0,418.0).
Point F set:(500.0,220.0).
Waypoint F set:(500.0,220.0).
Point G set:(950.0,188.0).
Waypoint G set:(950.0,188.0).
Point H set:(1050.0,272.0).
Waypoint H set:(1050.0,272.0).
Point I set:(900.0,420.0).
Waypoint I set:(900.0,420.0).
Point J set:(240.0,250.0).
Waypoint J set:(240.0,250.0).
Point 1 set:(800.0,0.0).
ExitPoint 1 set:(800.0,0.0).
Point 2 set:(150.0,200.0).
ExitPoint 2 set:(150.0,200.0).
Point 3 set:(1200.0,300.0).
ExitPoint 3 set:(1200.0,300.0).
Point BHD set:(572.0,197.0).
Airport BHD set:(572.0,197.0).
Point A set:(350.0,150.0).
Waypoint A set:(350.0,150.0).
Point B set:(400.0,470.0).
Waypoint B set:(400.0,470.0).
Point C set:(700.0,60.0).
Waypoint C set:(700.0,60.0).
Point D set:(800.0,320.0).
Waypoint D set:(800.0,320.0).
Point E set:(600.0,418.0).
Waypoint E set:(600.0,418.0).
Point F set:(500.0,220.0).
Waypoint F set:(500.0,220.0).
Point G set:(950.0,188.0).
Waypoint G set:(950.0,188.0).
Point H set:(1050.0,272.0).
Waypoint H set:(1050.0,272.0).
Point I set:(900.0,420.0).
Waypoint I set:(900.0,420.0).
Point J set:(240.0,250.0).
Waypoint J set:(240.0,250.0).
Point 1 set:(800.0,0.0).
ExitPoint 1 set:(800.0,0.0).
Point 2 set:(150.0,200.0).
ExitPoint 2 set:(150.0,200.0).
Point 3 set:(1200.0,300.0).
ExitPoint 3 set:(1200.0,300.0).
X: 1.0 Y: 1.0 Flight Number: 0X: 1.0 Y: 1.0 Flight Number: 0]]></system-out>

      <system-err><![CDATA[]]></system-err>

  </testsuite>
</testsuites>
